


ARM Macro Assembler    Page 1 


    1 00000000 00000400 
                       Stack_Size
                               EQU              0x400
    2 00000000         
    3 00000000                 AREA             STACK, NOINIT, READWRITE, ALIGN
=3
    4 00000000         Stack_Mem
                               SPACE            Stack_Size
    5 00000400         __initial_sp
    6 00000400         
    7 00000400 00000200 
                       Heap_Size
                               EQU              0x200
    8 00000400         
    9 00000400                 AREA             HEAP, NOINIT, READWRITE, ALIGN=
3
   10 00000000         __heap_base
   11 00000000         Heap_Mem
                               SPACE            Heap_Size
   12 00000200         __heap_limit
   13 00000200         
   14 00000200                 PRESERVE8
   15 00000200                 THUMB
   16 00000200         
   17 00000200         
   18 00000200         ; Vector Table Mapped to Address 0 at Reset
   19 00000200                 AREA             RESET, DATA, READONLY
   20 00000000                 EXPORT           __Vectors
   21 00000000                 EXPORT           __Vectors_End
   22 00000000                 EXPORT           __Vectors_Size
   23 00000000         
   24 00000000 00000000 
                       __Vectors
                               DCD              __initial_sp ; Top of Stack
   25 00000004 00000000        DCD              Reset_Handler ; Reset Handler
   26 00000008 00000000        DCD              NMI_Handler ; NMI Handler
   27 0000000C 00000000        DCD              HardFault_Handler ; Hard Fault 
                                                            Handler
   28 00000010 00000000        DCD              MemManage_Handler 
                                                            ; MPU Fault Handler
                                                            
   29 00000014 00000000        DCD              BusFault_Handler 
                                                            ; Bus Fault Handler
                                                            
   30 00000018 00000000        DCD              UsageFault_Handler ; Usage Faul
                                                            t Handler
   31 0000001C 00000000        DCD              0           ; Reserved
   32 00000020 00000000        DCD              0           ; Reserved
   33 00000024 00000000        DCD              0           ; Reserved
   34 00000028 00000000        DCD              0           ; Reserved
   35 0000002C 00000000        DCD              SVC_Handler ; SVCall Handler
   36 00000030 00000000        DCD              DebugMon_Handler ; Debug Monito
                                                            r Handler
   37 00000034 00000000        DCD              0           ; Reserved
   38 00000038 00000000        DCD              PendSV_Handler ; PendSV Handler
                                                            
   39 0000003C 00000000        DCD              SysTick_Handler 
                                                            ; SysTick Handler
   40 00000040         



ARM Macro Assembler    Page 2 


   41 00000040         ; External Interrupts
   42 00000040 00000000        DCD              WWDG_IRQHandler 
                                                            ; Window Watchdog
   43 00000044 00000000        DCD              PVD_IRQHandler ; PVD through EX
                                                            TI Line detect
   44 00000048 00000000        DCD              TAMPER_STAMP_IRQHandler ; Tampe
                                                            r and Time Stamp
   45 0000004C 00000000        DCD              RTC_WKUP_IRQHandler 
                                                            ; RTC Wakeup
   46 00000050 00000000        DCD              FLASH_IRQHandler ; FLASH
   47 00000054 00000000        DCD              RCC_IRQHandler ; RCC
   48 00000058 00000000        DCD              EXTI0_IRQHandler ; EXTI Line 0
   49 0000005C 00000000        DCD              EXTI1_IRQHandler ; EXTI Line 1
   50 00000060 00000000        DCD              EXTI2_IRQHandler ; EXTI Line 2
   51 00000064 00000000        DCD              EXTI3_IRQHandler ; EXTI Line 3
   52 00000068 00000000        DCD              EXTI4_IRQHandler ; EXTI Line 4
   53 0000006C 00000000        DCD              DMA1_Channel1_IRQHandler 
                                                            ; DMA1 Channel 1
   54 00000070 00000000        DCD              DMA1_Channel2_IRQHandler 
                                                            ; DMA1 Channel 2
   55 00000074 00000000        DCD              DMA1_Channel3_IRQHandler 
                                                            ; DMA1 Channel 3
   56 00000078 00000000        DCD              DMA1_Channel4_IRQHandler 
                                                            ; DMA1 Channel 4
   57 0000007C 00000000        DCD              DMA1_Channel5_IRQHandler 
                                                            ; DMA1 Channel 5
   58 00000080 00000000        DCD              DMA1_Channel6_IRQHandler 
                                                            ; DMA1 Channel 6
   59 00000084 00000000        DCD              DMA1_Channel7_IRQHandler 
                                                            ; DMA1 Channel 7
   60 00000088 00000000        DCD              ADC1_IRQHandler ; ADC1
   61 0000008C 00000000        DCD              USB_HP_IRQHandler 
                                                            ; USB High Priority
                                                            
   62 00000090 00000000        DCD              USB_LP_IRQHandler 
                                                            ; USB Low  Priority
                                                            
   63 00000094 00000000        DCD              DAC_IRQHandler ; DAC
   64 00000098 00000000        DCD              COMP_IRQHandler ; COMP through 
                                                            EXTI Line
   65 0000009C 00000000        DCD              EXTI9_5_IRQHandler 
                                                            ; EXTI Line 9..5
   66 000000A0 00000000        DCD              LCD_IRQHandler ; LCD
   67 000000A4 00000000        DCD              TIM9_IRQHandler ; TIM9
   68 000000A8 00000000        DCD              TIM10_IRQHandler ; TIM10
   69 000000AC 00000000        DCD              TIM11_IRQHandler ; TIM11
   70 000000B0 00000000        DCD              TIM2_IRQHandler ; TIM2
   71 000000B4 00000000        DCD              TIM3_IRQHandler ; TIM3
   72 000000B8 00000000        DCD              TIM4_IRQHandler ; TIM4
   73 000000BC 00000000        DCD              I2C1_EV_IRQHandler ; I2C1 Event
                                                            
   74 000000C0 00000000        DCD              I2C1_ER_IRQHandler ; I2C1 Error
                                                            
   75 000000C4 00000000        DCD              I2C2_EV_IRQHandler ; I2C2 Event
                                                            
   76 000000C8 00000000        DCD              I2C2_ER_IRQHandler ; I2C2 Error
                                                            
   77 000000CC 00000000        DCD              SPI1_IRQHandler ; SPI1
   78 000000D0 00000000        DCD              SPI2_IRQHandler ; SPI2



ARM Macro Assembler    Page 3 


   79 000000D4 00000000        DCD              USART1_IRQHandler ; USART1
   80 000000D8 00000000        DCD              USART2_IRQHandler ; USART2
   81 000000DC 00000000        DCD              USART3_IRQHandler ; USART3
   82 000000E0 00000000        DCD              EXTI15_10_IRQHandler 
                                                            ; EXTI Line 15..10
   83 000000E4 00000000        DCD              RTC_Alarm_IRQHandler ; RTC Alar
                                                            m through EXTI Line
                                                            
   84 000000E8 00000000        DCD              USB_FS_WKUP_IRQHandler ; USB FS
                                                             Wakeup from suspen
                                                            d
   85 000000EC 00000000        DCD              TIM6_IRQHandler ; TIM6
   86 000000F0 00000000        DCD              TIM7_IRQHandler ; TIM7
   87 000000F4         
   88 000000F4         __Vectors_End
   89 000000F4         
   90 000000F4 000000F4 
                       __Vectors_Size
                               EQU              __Vectors_End - __Vectors
   91 000000F4         
   92 000000F4                 AREA             |.text|, CODE, READONLY
   93 00000000         
   94 00000000         ; Reset handler routine
   95 00000000         Reset_Handler
                               PROC
   96 00000000                 EXPORT           Reset_Handler             [WEAK
]
   97 00000000                 IMPORT           __main
   98 00000000                 IMPORT           SystemInit
   99 00000000 4806            LDR              R0, =SystemInit
  100 00000002 4780            BLX              R0
  101 00000004 4806            LDR              R0, =__main
  102 00000006 4700            BX               R0
  103 00000008                 ENDP
  104 00000008         
  105 00000008         ; Dummy Exception Handlers (infinite loops which can be 
                       modified)
  106 00000008         
  107 00000008         NMI_Handler
                               PROC
  108 00000008                 EXPORT           NMI_Handler                [WEA
K]
  109 00000008 E7FE            B                .
  110 0000000A                 ENDP
  112 0000000A         HardFault_Handler
                               PROC
  113 0000000A                 EXPORT           HardFault_Handler          [WEA
K]
  114 0000000A E7FE            B                .
  115 0000000C                 ENDP
  117 0000000C         MemManage_Handler
                               PROC
  118 0000000C                 EXPORT           MemManage_Handler          [WEA
K]
  119 0000000C E7FE            B                .
  120 0000000E                 ENDP
  122 0000000E         BusFault_Handler
                               PROC
  123 0000000E                 EXPORT           BusFault_Handler           [WEA



ARM Macro Assembler    Page 4 


K]
  124 0000000E E7FE            B                .
  125 00000010                 ENDP
  127 00000010         UsageFault_Handler
                               PROC
  128 00000010                 EXPORT           UsageFault_Handler         [WEA
K]
  129 00000010 E7FE            B                .
  130 00000012                 ENDP
  131 00000012         SVC_Handler
                               PROC
  132 00000012                 EXPORT           SVC_Handler                [WEA
K]
  133 00000012 E7FE            B                .
  134 00000014                 ENDP
  136 00000014         DebugMon_Handler
                               PROC
  137 00000014                 EXPORT           DebugMon_Handler           [WEA
K]
  138 00000014 E7FE            B                .
  139 00000016                 ENDP
  140 00000016         PendSV_Handler
                               PROC
  141 00000016                 EXPORT           PendSV_Handler             [WEA
K]
  142 00000016 E7FE            B                .
  143 00000018                 ENDP
  144 00000018         SysTick_Handler
                               PROC
  145 00000018                 EXPORT           SysTick_Handler            [WEA
K]
  146 00000018 E7FE            B                .
  147 0000001A                 ENDP
  148 0000001A         
  149 0000001A         Default_Handler
                               PROC
  150 0000001A         
  151 0000001A                 EXPORT           WWDG_IRQHandler            [WEA
K]
  152 0000001A                 EXPORT           PVD_IRQHandler             [WEA
K]
  153 0000001A                 EXPORT           TAMPER_STAMP_IRQHandler    [WEA
K]
  154 0000001A                 EXPORT           RTC_WKUP_IRQHandler        [WEA
K]
  155 0000001A                 EXPORT           FLASH_IRQHandler           [WEA
K]
  156 0000001A                 EXPORT           RCC_IRQHandler             [WEA
K]
  157 0000001A                 EXPORT           EXTI0_IRQHandler           [WEA
K]
  158 0000001A                 EXPORT           EXTI1_IRQHandler           [WEA
K]
  159 0000001A                 EXPORT           EXTI2_IRQHandler           [WEA
K]
  160 0000001A                 EXPORT           EXTI3_IRQHandler           [WEA
K]
  161 0000001A                 EXPORT           EXTI4_IRQHandler           [WEA
K]



ARM Macro Assembler    Page 5 


  162 0000001A                 EXPORT           DMA1_Channel1_IRQHandler   [WEA
K]
  163 0000001A                 EXPORT           DMA1_Channel2_IRQHandler   [WEA
K]
  164 0000001A                 EXPORT           DMA1_Channel3_IRQHandler   [WEA
K]
  165 0000001A                 EXPORT           DMA1_Channel4_IRQHandler   [WEA
K]
  166 0000001A                 EXPORT           DMA1_Channel5_IRQHandler   [WEA
K]
  167 0000001A                 EXPORT           DMA1_Channel6_IRQHandler   [WEA
K]
  168 0000001A                 EXPORT           DMA1_Channel7_IRQHandler   [WEA
K]
  169 0000001A                 EXPORT           ADC1_IRQHandler            [WEA
K]
  170 0000001A                 EXPORT           USB_HP_IRQHandler          [WEA
K]
  171 0000001A                 EXPORT           USB_LP_IRQHandler          [WEA
K]
  172 0000001A                 EXPORT           DAC_IRQHandler             [WEA
K]
  173 0000001A                 EXPORT           COMP_IRQHandler            [WEA
K]
  174 0000001A                 EXPORT           EXTI9_5_IRQHandler         [WEA
K]
  175 0000001A                 EXPORT           LCD_IRQHandler             [WEA
K]
  176 0000001A                 EXPORT           TIM9_IRQHandler            [WEA
K]
  177 0000001A                 EXPORT           TIM10_IRQHandler           [WEA
K]
  178 0000001A                 EXPORT           TIM11_IRQHandler           [WEA
K]
  179 0000001A                 EXPORT           TIM2_IRQHandler            [WEA
K]
  180 0000001A                 EXPORT           TIM3_IRQHandler            [WEA
K]
  181 0000001A                 EXPORT           TIM4_IRQHandler            [WEA
K]
  182 0000001A                 EXPORT           I2C1_EV_IRQHandler         [WEA
K]
  183 0000001A                 EXPORT           I2C1_ER_IRQHandler         [WEA
K]
  184 0000001A                 EXPORT           I2C2_EV_IRQHandler         [WEA
K]
  185 0000001A                 EXPORT           I2C2_ER_IRQHandler         [WEA
K]
  186 0000001A                 EXPORT           SPI1_IRQHandler            [WEA
K]
  187 0000001A                 EXPORT           SPI2_IRQHandler            [WEA
K]
  188 0000001A                 EXPORT           USART1_IRQHandler          [WEA
K]
  189 0000001A                 EXPORT           USART2_IRQHandler          [WEA
K]
  190 0000001A                 EXPORT           USART3_IRQHandler          [WEA
K]
  191 0000001A                 EXPORT           EXTI15_10_IRQHandler       [WEA



ARM Macro Assembler    Page 6 


K]
  192 0000001A                 EXPORT           RTC_Alarm_IRQHandler       [WEA
K]
  193 0000001A                 EXPORT           USB_FS_WKUP_IRQHandler     [WEA
K]
  194 0000001A                 EXPORT           TIM6_IRQHandler            [WEA
K]
  195 0000001A                 EXPORT           TIM7_IRQHandler            [WEA
K]
  196 0000001A         
  197 0000001A         WWDG_IRQHandler
  198 0000001A         PVD_IRQHandler
  199 0000001A         TAMPER_STAMP_IRQHandler
  200 0000001A         RTC_WKUP_IRQHandler
  201 0000001A         FLASH_IRQHandler
  202 0000001A         RCC_IRQHandler
  203 0000001A         EXTI0_IRQHandler
  204 0000001A         EXTI1_IRQHandler
  205 0000001A         EXTI2_IRQHandler
  206 0000001A         EXTI3_IRQHandler
  207 0000001A         EXTI4_IRQHandler
  208 0000001A         DMA1_Channel1_IRQHandler
  209 0000001A         DMA1_Channel2_IRQHandler
  210 0000001A         DMA1_Channel3_IRQHandler
  211 0000001A         DMA1_Channel4_IRQHandler
  212 0000001A         DMA1_Channel5_IRQHandler
  213 0000001A         DMA1_Channel6_IRQHandler
  214 0000001A         DMA1_Channel7_IRQHandler
  215 0000001A         ADC1_IRQHandler
  216 0000001A         USB_HP_IRQHandler
  217 0000001A         USB_LP_IRQHandler
  218 0000001A         DAC_IRQHandler
  219 0000001A         COMP_IRQHandler
  220 0000001A         EXTI9_5_IRQHandler
  221 0000001A         LCD_IRQHandler
  222 0000001A         TIM9_IRQHandler
  223 0000001A         TIM10_IRQHandler
  224 0000001A         TIM11_IRQHandler
  225 0000001A         TIM2_IRQHandler
  226 0000001A         TIM3_IRQHandler
  227 0000001A         TIM4_IRQHandler
  228 0000001A         I2C1_EV_IRQHandler
  229 0000001A         I2C1_ER_IRQHandler
  230 0000001A         I2C2_EV_IRQHandler
  231 0000001A         I2C2_ER_IRQHandler
  232 0000001A         SPI1_IRQHandler
  233 0000001A         SPI2_IRQHandler
  234 0000001A         USART1_IRQHandler
  235 0000001A         USART2_IRQHandler
  236 0000001A         USART3_IRQHandler
  237 0000001A         EXTI15_10_IRQHandler
  238 0000001A         RTC_Alarm_IRQHandler
  239 0000001A         USB_FS_WKUP_IRQHandler
  240 0000001A         TIM6_IRQHandler
  241 0000001A         TIM7_IRQHandler
  242 0000001A         
  243 0000001A E7FE            B                .
  244 0000001C         
  245 0000001C                 ENDP



ARM Macro Assembler    Page 7 


  246 0000001C         
  247 0000001C                 ALIGN
  248 0000001C         
  249 0000001C         ;*******************************************************
                       ************************
  250 0000001C         ; User Stack and Heap initialization
  251 0000001C         ;*******************************************************
                       ************************
  252 0000001C                 IF               :DEF:__MICROLIB
  253 0000001C         
  254 0000001C                 EXPORT           __initial_sp
  255 0000001C                 EXPORT           __heap_base
  256 0000001C                 EXPORT           __heap_limit
  257 0000001C         
  258 0000001C                 ELSE
  273                          ENDIF
  274 0000001C         
  275 0000001C                 END
              00000000 
              00000000 
Command Line: --debug --xref --diag_suppress=9931 --cpu=Cortex-M3 --apcs=interw
ork --depend=stm32l152rbtx\startup_stm32l152xb.d -ostm32l152rbtx\startup_stm32l
152xb.o -IE:\Work\STM32_GCC\STM32L152RBTx_MDK\MDK-ARM\RTE\_STM32L152RBTx -IC:\K
eil_v5\ARM\PACK\ARM\CMSIS\5.0.1\CMSIS\Include -IC:\Keil_v5\ARM\PACK\Keil\STM32L
1xx_DFP\1.2.0\Device\Include --predefine="__MICROLIB SETA 1" --predefine="__UVI
SION_VERSION SETA 522" --predefine="_RTE_ SETA 1" --predefine="STM32L152xB SETA
 1" --list=startup_stm32l152xb.lst startup_stm32l152xb.s



ARM Macro Assembler    Page 1 Alphabetic symbol ordering
Relocatable symbols

STACK 00000000

Symbol: STACK
   Definitions
      At line 3 in file startup_stm32l152xb.s
   Uses
      None
Comment: STACK unused
Stack_Mem 00000000

Symbol: Stack_Mem
   Definitions
      At line 4 in file startup_stm32l152xb.s
   Uses
      None
Comment: Stack_Mem unused
__initial_sp 00000400

Symbol: __initial_sp
   Definitions
      At line 5 in file startup_stm32l152xb.s
   Uses
      At line 24 in file startup_stm32l152xb.s
      At line 254 in file startup_stm32l152xb.s

3 symbols



ARM Macro Assembler    Page 1 Alphabetic symbol ordering
Relocatable symbols

HEAP 00000000

Symbol: HEAP
   Definitions
      At line 9 in file startup_stm32l152xb.s
   Uses
      None
Comment: HEAP unused
Heap_Mem 00000000

Symbol: Heap_Mem
   Definitions
      At line 11 in file startup_stm32l152xb.s
   Uses
      None
Comment: Heap_Mem unused
__heap_base 00000000

Symbol: __heap_base
   Definitions
      At line 10 in file startup_stm32l152xb.s
   Uses
      At line 255 in file startup_stm32l152xb.s
Comment: __heap_base used once
__heap_limit 00000200

Symbol: __heap_limit
   Definitions
      At line 12 in file startup_stm32l152xb.s
   Uses
      At line 256 in file startup_stm32l152xb.s
Comment: __heap_limit used once
4 symbols



ARM Macro Assembler    Page 1 Alphabetic symbol ordering
Relocatable symbols

RESET 00000000

Symbol: RESET
   Definitions
      At line 19 in file startup_stm32l152xb.s
   Uses
      None
Comment: RESET unused
__Vectors 00000000

Symbol: __Vectors
   Definitions
      At line 24 in file startup_stm32l152xb.s
   Uses
      At line 20 in file startup_stm32l152xb.s
      At line 90 in file startup_stm32l152xb.s

__Vectors_End 000000F4

Symbol: __Vectors_End
   Definitions
      At line 88 in file startup_stm32l152xb.s
   Uses
      At line 21 in file startup_stm32l152xb.s
      At line 90 in file startup_stm32l152xb.s

3 symbols



ARM Macro Assembler    Page 1 Alphabetic symbol ordering
Relocatable symbols

.text 00000000

Symbol: .text
   Definitions
      At line 92 in file startup_stm32l152xb.s
   Uses
      None
Comment: .text unused
ADC1_IRQHandler 0000001A

Symbol: ADC1_IRQHandler
   Definitions
      At line 215 in file startup_stm32l152xb.s
   Uses
      At line 60 in file startup_stm32l152xb.s
      At line 169 in file startup_stm32l152xb.s

BusFault_Handler 0000000E

Symbol: BusFault_Handler
   Definitions
      At line 122 in file startup_stm32l152xb.s
   Uses
      At line 29 in file startup_stm32l152xb.s
      At line 123 in file startup_stm32l152xb.s

COMP_IRQHandler 0000001A

Symbol: COMP_IRQHandler
   Definitions
      At line 219 in file startup_stm32l152xb.s
   Uses
      At line 64 in file startup_stm32l152xb.s
      At line 173 in file startup_stm32l152xb.s

DAC_IRQHandler 0000001A

Symbol: DAC_IRQHandler
   Definitions
      At line 218 in file startup_stm32l152xb.s
   Uses
      At line 63 in file startup_stm32l152xb.s
      At line 172 in file startup_stm32l152xb.s

DMA1_Channel1_IRQHandler 0000001A

Symbol: DMA1_Channel1_IRQHandler
   Definitions
      At line 208 in file startup_stm32l152xb.s
   Uses
      At line 53 in file startup_stm32l152xb.s
      At line 162 in file startup_stm32l152xb.s

DMA1_Channel2_IRQHandler 0000001A

Symbol: DMA1_Channel2_IRQHandler
   Definitions
      At line 209 in file startup_stm32l152xb.s
   Uses



ARM Macro Assembler    Page 2 Alphabetic symbol ordering
Relocatable symbols

      At line 54 in file startup_stm32l152xb.s
      At line 163 in file startup_stm32l152xb.s

DMA1_Channel3_IRQHandler 0000001A

Symbol: DMA1_Channel3_IRQHandler
   Definitions
      At line 210 in file startup_stm32l152xb.s
   Uses
      At line 55 in file startup_stm32l152xb.s
      At line 164 in file startup_stm32l152xb.s

DMA1_Channel4_IRQHandler 0000001A

Symbol: DMA1_Channel4_IRQHandler
   Definitions
      At line 211 in file startup_stm32l152xb.s
   Uses
      At line 56 in file startup_stm32l152xb.s
      At line 165 in file startup_stm32l152xb.s

DMA1_Channel5_IRQHandler 0000001A

Symbol: DMA1_Channel5_IRQHandler
   Definitions
      At line 212 in file startup_stm32l152xb.s
   Uses
      At line 57 in file startup_stm32l152xb.s
      At line 166 in file startup_stm32l152xb.s

DMA1_Channel6_IRQHandler 0000001A

Symbol: DMA1_Channel6_IRQHandler
   Definitions
      At line 213 in file startup_stm32l152xb.s
   Uses
      At line 58 in file startup_stm32l152xb.s
      At line 167 in file startup_stm32l152xb.s

DMA1_Channel7_IRQHandler 0000001A

Symbol: DMA1_Channel7_IRQHandler
   Definitions
      At line 214 in file startup_stm32l152xb.s
   Uses
      At line 59 in file startup_stm32l152xb.s
      At line 168 in file startup_stm32l152xb.s

DebugMon_Handler 00000014

Symbol: DebugMon_Handler
   Definitions
      At line 136 in file startup_stm32l152xb.s
   Uses
      At line 36 in file startup_stm32l152xb.s
      At line 137 in file startup_stm32l152xb.s

Default_Handler 0000001A




ARM Macro Assembler    Page 3 Alphabetic symbol ordering
Relocatable symbols

Symbol: Default_Handler
   Definitions
      At line 149 in file startup_stm32l152xb.s
   Uses
      None
Comment: Default_Handler unused
EXTI0_IRQHandler 0000001A

Symbol: EXTI0_IRQHandler
   Definitions
      At line 203 in file startup_stm32l152xb.s
   Uses
      At line 48 in file startup_stm32l152xb.s
      At line 157 in file startup_stm32l152xb.s

EXTI15_10_IRQHandler 0000001A

Symbol: EXTI15_10_IRQHandler
   Definitions
      At line 237 in file startup_stm32l152xb.s
   Uses
      At line 82 in file startup_stm32l152xb.s
      At line 191 in file startup_stm32l152xb.s

EXTI1_IRQHandler 0000001A

Symbol: EXTI1_IRQHandler
   Definitions
      At line 204 in file startup_stm32l152xb.s
   Uses
      At line 49 in file startup_stm32l152xb.s
      At line 158 in file startup_stm32l152xb.s

EXTI2_IRQHandler 0000001A

Symbol: EXTI2_IRQHandler
   Definitions
      At line 205 in file startup_stm32l152xb.s
   Uses
      At line 50 in file startup_stm32l152xb.s
      At line 159 in file startup_stm32l152xb.s

EXTI3_IRQHandler 0000001A

Symbol: EXTI3_IRQHandler
   Definitions
      At line 206 in file startup_stm32l152xb.s
   Uses
      At line 51 in file startup_stm32l152xb.s
      At line 160 in file startup_stm32l152xb.s

EXTI4_IRQHandler 0000001A

Symbol: EXTI4_IRQHandler
   Definitions
      At line 207 in file startup_stm32l152xb.s
   Uses
      At line 52 in file startup_stm32l152xb.s
      At line 161 in file startup_stm32l152xb.s



ARM Macro Assembler    Page 4 Alphabetic symbol ordering
Relocatable symbols


EXTI9_5_IRQHandler 0000001A

Symbol: EXTI9_5_IRQHandler
   Definitions
      At line 220 in file startup_stm32l152xb.s
   Uses
      At line 65 in file startup_stm32l152xb.s
      At line 174 in file startup_stm32l152xb.s

FLASH_IRQHandler 0000001A

Symbol: FLASH_IRQHandler
   Definitions
      At line 201 in file startup_stm32l152xb.s
   Uses
      At line 46 in file startup_stm32l152xb.s
      At line 155 in file startup_stm32l152xb.s

HardFault_Handler 0000000A

Symbol: HardFault_Handler
   Definitions
      At line 112 in file startup_stm32l152xb.s
   Uses
      At line 27 in file startup_stm32l152xb.s
      At line 113 in file startup_stm32l152xb.s

I2C1_ER_IRQHandler 0000001A

Symbol: I2C1_ER_IRQHandler
   Definitions
      At line 229 in file startup_stm32l152xb.s
   Uses
      At line 74 in file startup_stm32l152xb.s
      At line 183 in file startup_stm32l152xb.s

I2C1_EV_IRQHandler 0000001A

Symbol: I2C1_EV_IRQHandler
   Definitions
      At line 228 in file startup_stm32l152xb.s
   Uses
      At line 73 in file startup_stm32l152xb.s
      At line 182 in file startup_stm32l152xb.s

I2C2_ER_IRQHandler 0000001A

Symbol: I2C2_ER_IRQHandler
   Definitions
      At line 231 in file startup_stm32l152xb.s
   Uses
      At line 76 in file startup_stm32l152xb.s
      At line 185 in file startup_stm32l152xb.s

I2C2_EV_IRQHandler 0000001A

Symbol: I2C2_EV_IRQHandler
   Definitions



ARM Macro Assembler    Page 5 Alphabetic symbol ordering
Relocatable symbols

      At line 230 in file startup_stm32l152xb.s
   Uses
      At line 75 in file startup_stm32l152xb.s
      At line 184 in file startup_stm32l152xb.s

LCD_IRQHandler 0000001A

Symbol: LCD_IRQHandler
   Definitions
      At line 221 in file startup_stm32l152xb.s
   Uses
      At line 66 in file startup_stm32l152xb.s
      At line 175 in file startup_stm32l152xb.s

MemManage_Handler 0000000C

Symbol: MemManage_Handler
   Definitions
      At line 117 in file startup_stm32l152xb.s
   Uses
      At line 28 in file startup_stm32l152xb.s
      At line 118 in file startup_stm32l152xb.s

NMI_Handler 00000008

Symbol: NMI_Handler
   Definitions
      At line 107 in file startup_stm32l152xb.s
   Uses
      At line 26 in file startup_stm32l152xb.s
      At line 108 in file startup_stm32l152xb.s

PVD_IRQHandler 0000001A

Symbol: PVD_IRQHandler
   Definitions
      At line 198 in file startup_stm32l152xb.s
   Uses
      At line 43 in file startup_stm32l152xb.s
      At line 152 in file startup_stm32l152xb.s

PendSV_Handler 00000016

Symbol: PendSV_Handler
   Definitions
      At line 140 in file startup_stm32l152xb.s
   Uses
      At line 38 in file startup_stm32l152xb.s
      At line 141 in file startup_stm32l152xb.s

RCC_IRQHandler 0000001A

Symbol: RCC_IRQHandler
   Definitions
      At line 202 in file startup_stm32l152xb.s
   Uses
      At line 47 in file startup_stm32l152xb.s
      At line 156 in file startup_stm32l152xb.s




ARM Macro Assembler    Page 6 Alphabetic symbol ordering
Relocatable symbols

RTC_Alarm_IRQHandler 0000001A

Symbol: RTC_Alarm_IRQHandler
   Definitions
      At line 238 in file startup_stm32l152xb.s
   Uses
      At line 83 in file startup_stm32l152xb.s
      At line 192 in file startup_stm32l152xb.s

RTC_WKUP_IRQHandler 0000001A

Symbol: RTC_WKUP_IRQHandler
   Definitions
      At line 200 in file startup_stm32l152xb.s
   Uses
      At line 45 in file startup_stm32l152xb.s
      At line 154 in file startup_stm32l152xb.s

Reset_Handler 00000000

Symbol: Reset_Handler
   Definitions
      At line 95 in file startup_stm32l152xb.s
   Uses
      At line 25 in file startup_stm32l152xb.s
      At line 96 in file startup_stm32l152xb.s

SPI1_IRQHandler 0000001A

Symbol: SPI1_IRQHandler
   Definitions
      At line 232 in file startup_stm32l152xb.s
   Uses
      At line 77 in file startup_stm32l152xb.s
      At line 186 in file startup_stm32l152xb.s

SPI2_IRQHandler 0000001A

Symbol: SPI2_IRQHandler
   Definitions
      At line 233 in file startup_stm32l152xb.s
   Uses
      At line 78 in file startup_stm32l152xb.s
      At line 187 in file startup_stm32l152xb.s

SVC_Handler 00000012

Symbol: SVC_Handler
   Definitions
      At line 131 in file startup_stm32l152xb.s
   Uses
      At line 35 in file startup_stm32l152xb.s
      At line 132 in file startup_stm32l152xb.s

SysTick_Handler 00000018

Symbol: SysTick_Handler
   Definitions
      At line 144 in file startup_stm32l152xb.s



ARM Macro Assembler    Page 7 Alphabetic symbol ordering
Relocatable symbols

   Uses
      At line 39 in file startup_stm32l152xb.s
      At line 145 in file startup_stm32l152xb.s

TAMPER_STAMP_IRQHandler 0000001A

Symbol: TAMPER_STAMP_IRQHandler
   Definitions
      At line 199 in file startup_stm32l152xb.s
   Uses
      At line 44 in file startup_stm32l152xb.s
      At line 153 in file startup_stm32l152xb.s

TIM10_IRQHandler 0000001A

Symbol: TIM10_IRQHandler
   Definitions
      At line 223 in file startup_stm32l152xb.s
   Uses
      At line 68 in file startup_stm32l152xb.s
      At line 177 in file startup_stm32l152xb.s

TIM11_IRQHandler 0000001A

Symbol: TIM11_IRQHandler
   Definitions
      At line 224 in file startup_stm32l152xb.s
   Uses
      At line 69 in file startup_stm32l152xb.s
      At line 178 in file startup_stm32l152xb.s

TIM2_IRQHandler 0000001A

Symbol: TIM2_IRQHandler
   Definitions
      At line 225 in file startup_stm32l152xb.s
   Uses
      At line 70 in file startup_stm32l152xb.s
      At line 179 in file startup_stm32l152xb.s

TIM3_IRQHandler 0000001A

Symbol: TIM3_IRQHandler
   Definitions
      At line 226 in file startup_stm32l152xb.s
   Uses
      At line 71 in file startup_stm32l152xb.s
      At line 180 in file startup_stm32l152xb.s

TIM4_IRQHandler 0000001A

Symbol: TIM4_IRQHandler
   Definitions
      At line 227 in file startup_stm32l152xb.s
   Uses
      At line 72 in file startup_stm32l152xb.s
      At line 181 in file startup_stm32l152xb.s

TIM6_IRQHandler 0000001A



ARM Macro Assembler    Page 8 Alphabetic symbol ordering
Relocatable symbols


Symbol: TIM6_IRQHandler
   Definitions
      At line 240 in file startup_stm32l152xb.s
   Uses
      At line 85 in file startup_stm32l152xb.s
      At line 194 in file startup_stm32l152xb.s

TIM7_IRQHandler 0000001A

Symbol: TIM7_IRQHandler
   Definitions
      At line 241 in file startup_stm32l152xb.s
   Uses
      At line 86 in file startup_stm32l152xb.s
      At line 195 in file startup_stm32l152xb.s

TIM9_IRQHandler 0000001A

Symbol: TIM9_IRQHandler
   Definitions
      At line 222 in file startup_stm32l152xb.s
   Uses
      At line 67 in file startup_stm32l152xb.s
      At line 176 in file startup_stm32l152xb.s

USART1_IRQHandler 0000001A

Symbol: USART1_IRQHandler
   Definitions
      At line 234 in file startup_stm32l152xb.s
   Uses
      At line 79 in file startup_stm32l152xb.s
      At line 188 in file startup_stm32l152xb.s

USART2_IRQHandler 0000001A

Symbol: USART2_IRQHandler
   Definitions
      At line 235 in file startup_stm32l152xb.s
   Uses
      At line 80 in file startup_stm32l152xb.s
      At line 189 in file startup_stm32l152xb.s

USART3_IRQHandler 0000001A

Symbol: USART3_IRQHandler
   Definitions
      At line 236 in file startup_stm32l152xb.s
   Uses
      At line 81 in file startup_stm32l152xb.s
      At line 190 in file startup_stm32l152xb.s

USB_FS_WKUP_IRQHandler 0000001A

Symbol: USB_FS_WKUP_IRQHandler
   Definitions
      At line 239 in file startup_stm32l152xb.s
   Uses



ARM Macro Assembler    Page 9 Alphabetic symbol ordering
Relocatable symbols

      At line 84 in file startup_stm32l152xb.s
      At line 193 in file startup_stm32l152xb.s

USB_HP_IRQHandler 0000001A

Symbol: USB_HP_IRQHandler
   Definitions
      At line 216 in file startup_stm32l152xb.s
   Uses
      At line 61 in file startup_stm32l152xb.s
      At line 170 in file startup_stm32l152xb.s

USB_LP_IRQHandler 0000001A

Symbol: USB_LP_IRQHandler
   Definitions
      At line 217 in file startup_stm32l152xb.s
   Uses
      At line 62 in file startup_stm32l152xb.s
      At line 171 in file startup_stm32l152xb.s

UsageFault_Handler 00000010

Symbol: UsageFault_Handler
   Definitions
      At line 127 in file startup_stm32l152xb.s
   Uses
      At line 30 in file startup_stm32l152xb.s
      At line 128 in file startup_stm32l152xb.s

WWDG_IRQHandler 0000001A

Symbol: WWDG_IRQHandler
   Definitions
      At line 197 in file startup_stm32l152xb.s
   Uses
      At line 42 in file startup_stm32l152xb.s
      At line 151 in file startup_stm32l152xb.s

57 symbols



ARM Macro Assembler    Page 1 Alphabetic symbol ordering
Absolute symbols

Heap_Size 00000200

Symbol: Heap_Size
   Definitions
      At line 7 in file startup_stm32l152xb.s
   Uses
      At line 11 in file startup_stm32l152xb.s
Comment: Heap_Size used once
Stack_Size 00000400

Symbol: Stack_Size
   Definitions
      At line 1 in file startup_stm32l152xb.s
   Uses
      At line 4 in file startup_stm32l152xb.s
Comment: Stack_Size used once
__Vectors_Size 000000F4

Symbol: __Vectors_Size
   Definitions
      At line 90 in file startup_stm32l152xb.s
   Uses
      At line 22 in file startup_stm32l152xb.s
Comment: __Vectors_Size used once
3 symbols



ARM Macro Assembler    Page 1 Alphabetic symbol ordering
External symbols

SystemInit 00000000

Symbol: SystemInit
   Definitions
      At line 98 in file startup_stm32l152xb.s
   Uses
      At line 99 in file startup_stm32l152xb.s
Comment: SystemInit used once
__main 00000000

Symbol: __main
   Definitions
      At line 97 in file startup_stm32l152xb.s
   Uses
      At line 101 in file startup_stm32l152xb.s
Comment: __main used once
2 symbols
408 symbols in table
